<?xml version="1.0" encoding="UTF-8"?>
<testsuite name="ClassForTest" tests="1" skipped="0" failures="0" errors="0" timestamp="2022-04-30T16:34:09" hostname="BODYBOX" time="0.187">
  <properties/>
  <testcase name="a()" classname="ClassForTest" time="0.187"/>
  <system-out><![CDATA[Found ffmpeg at C:\Program Files\ffmpeg\bin\ffmpeg.exe
]]></system-out>
  <system-err><![CDATA[]]></system-err>
</testsuite>
